Build started 5/30/2017 4:02:16 PM.
     1>Project "C:\Users\zhexian\Desktop\Computational Fabrication\A1\build\voxelizer.vcxproj" on node 2 (build target(s)).
     1>InitializeBuildStatus:
         Creating "voxelizer.dir\Debug\voxelizer.unsuccessfulbuild" because "AlwaysCreate" was specified.
       CustomBuild:
         All outputs are up-to-date.
       ClCompile:
         c:\Program Files (x86)\Microsoft Visual Studio 10.0\VC\bin\CL.exe /c /Zi /nologo /W3 /WX- /Od /Ob0 /Oy- /D WIN32 /D _WINDOWS /D _DEBUG /D "CMAKE_INTDIR=\"Debug\"" /D _MBCS /Gm- /EHsc /RTC1 /MDd /GS /fp:precise /Zc:wchar_t /Zc:forScope /GR /Fo"voxelizer.dir\Debug\\" /Fd"voxelizer.dir\Debug\vc100.pdb" /Gd /TP /analyze- /errorReport:prompt ..\source\main.cpp
         main.cpp
     1>..\source\main.cpp(26): warning C4244: 'initializing' : conversion from 'double' to 'float', possible loss of data
     1>..\source\main.cpp(39): warning C4244: 'initializing' : conversion from 'double' to 'float', possible loss of data
     1>..\source\main.cpp(50): warning C4244: 'initializing' : conversion from 'double' to 'float', possible loss of data
     1>..\source\main.cpp(58): warning C4244: 'initializing' : conversion from 'double' to 'float', possible loss of data
     1>..\source\main.cpp(84): warning C4018: '<' : signed/unsigned mismatch
     1>..\source\main.cpp(197): warning C4244: '=' : conversion from 'double' to 'float', possible loss of data
     1>..\source\main.cpp(198): warning C4244: '=' : conversion from 'double' to 'float', possible loss of data
       ManifestResourceCompile:
         All outputs are up-to-date.
       Link:
         c:\Program Files (x86)\Microsoft Visual Studio 10.0\VC\bin\link.exe /ERRORREPORT:PROMPT /OUT:"C:\Users\zhexian\Desktop\Computational Fabrication\A1\build\Debug\voxelizer.exe" /INCREMENTAL /NOLOGO kernel32.lib user32.lib gdi32.lib winspool.lib shell32.lib ole32.lib oleaut32.lib uuid.lib comdlg32.lib advapi32.lib /MANIFEST /ManifestFile:"voxelizer.dir\Debug\voxelizer.exe.intermediate.manifest" /MANIFESTUAC:"level='asInvoker' uiAccess='false'" /DEBUG /PDB:"C:/Users/zhexian/Desktop/Computational Fabrication/A1/build/Debug/voxelizer.pdb" /SUBSYSTEM:CONSOLE /TLBID:1 /DYNAMICBASE /NXCOMPAT /IMPLIB:"C:/Users/zhexian/Desktop/Computational Fabrication/A1/build/Debug/voxelizer.lib" /MACHINE:X86 voxelizer.dir\Debug\voxelizer.exe.embed.manifest.res
         voxelizer.dir\Debug\CompFab.obj
         voxelizer.dir\Debug\Mesh.obj
         voxelizer.dir\Debug\main.obj  /machine:X86 
       Manifest:
         C:\Program Files (x86)\Microsoft SDKs\Windows\v7.0A\bin\mt.exe /nologo /verbose /out:"voxelizer.dir\Debug\voxelizer.exe.embed.manifest" /manifest voxelizer.dir\Debug\voxelizer.exe.intermediate.manifest
         All outputs are up-to-date.
       LinkEmbedManifest:
         All outputs are up-to-date.
         voxelizer.vcxproj -> C:\Users\zhexian\Desktop\Computational Fabrication\A1\build\Debug\voxelizer.exe
       FinalizeBuildStatus:
         Deleting file "voxelizer.dir\Debug\voxelizer.unsuccessfulbuild".
         Touching "voxelizer.dir\Debug\voxelizer.lastbuildstate".
     1>Done Building Project "C:\Users\zhexian\Desktop\Computational Fabrication\A1\build\voxelizer.vcxproj" (build target(s)).

Build succeeded.

Time Elapsed 00:00:01.14
